<html>
<head>
<title>TestNG:  Default test</title>
<link href="../testng.css" rel="stylesheet" type="text/css" />
<link href="../my-testng.css" rel="stylesheet" type="text/css" />

<style type="text/css">
.log { display: none;} 
.stack-trace { display: none;} 
</style>
<script type="text/javascript">
<!--
function flip(e) {
  current = e.style.display;
  if (current == 'block') {
    e.style.display = 'none';
    return 0;
  }
  else {
    e.style.display = 'block';
    return 1;
  }
}

function toggleBox(szDivId, elem, msg1, msg2)
{
  var res = -1;  if (document.getElementById) {
    res = flip(document.getElementById(szDivId));
  }
  else if (document.all) {
    // this is the way old msie versions work
    res = flip(document.all[szDivId]);
  }
  if(elem) {
    if(res == 0) elem.innerHTML = msg1; else elem.innerHTML = msg2;
  }

}

function toggleAllBoxes() {
  if (document.getElementsByTagName) {
    d = document.getElementsByTagName('div');
    for (i = 0; i < d.length; i++) {
      if (d[i].className == 'log') {
        flip(d[i]);
      }
    }
  }
}

// -->
</script>

</head>
<body>
<h2 align='center'>Default test</h2><table border='1' align="center">
<tr>
<td>Tests passed/Failed/Skipped:</td><td>6/1/0</td>
</tr><tr>
<td>Started on:</td><td>Thu Aug 14 19:42:51 IST 2025</td>
</tr>
<tr><td>Total time:</td><td>82 seconds (82121 ms)</td>
</tr><tr>
<td>Included groups:</td><td></td>
</tr><tr>
<td>Excluded groups:</td><td></td>
</tr>
</table><p/>
<small><i>(Hover the method name to see the test class name)</i></small><p/>
<table width='100%' border='1' class='invocation-failed'>
<tr><td colspan='4' align='center'><b>FAILED TESTS</b></td></tr>
<tr><td><b>Test method</b></td>
<td><b>Attribute(s)</b></td>
<td width="30%"><b>Exception</b></td>
<td width="10%"><b>Time (seconds)</b></td>
<td><b>Instance</b></td>
</tr>
<tr>
<td title='com.Nykaa.cucumberTestNGRunner.GiftCardRunner.runScenario()'><b>runScenario</b><br>Test class: com.Nykaa.cucumberTestNGRunner.GiftCardRunner<br>Test method: Runs Cucumber Scenarios<br>Parameters: "Verify that 'Your Shopping Bag is empty' text displayed when cart is empty", "Verify the cart functionality"</td>
<td><div><pre>org.openqa.selenium.TimeoutException: Expected condition failed: waiting for visibility of Proxy element for: DefaultElementLocator &apos;By.xpath: //p[text()=&apos;Your Shopping Bag is empty&apos;]&apos; (tried for 10 second(s) with 500 milliseconds interval)
	at org.openqa.selenium.support.ui.WebDriverWait.timeoutException(WebDriverWait.java:84)
	at org.openqa.selenium.support.ui.FluentWait.until(FluentWait.java:228)
	at com.Nykaa.AbstractPageObject.Abstract.WaitToAppear(Abstract.java:28)
	at com.Nykaa.PageObjects.HomePage.getEmptyCartMessage(HomePage.java:62)
	at com.Nykaa.stepDefinitions.StepDefinitions.user_should_see_text_displayed(StepDefinitions.java:39)
	at ✽.User should see &quot;Your Shopping Bag is empty&quot; text displayed(file:///D:/All%20Desktop%20folders/Selenium%20Revision/Shubham%20Selenium%20Codes/Nykaa/src/test/java/com/Nykaa/features/Cart.feature:6)
Caused by: org.openqa.selenium.NoSuchElementException: no such element: Unable to locate element: {&quot;method&quot;:&quot;xpath&quot;,&quot;selector&quot;:&quot;//p[text()=&apos;Your Shopping Bag is empty&apos;]&quot;}
  (Session info: MicrosoftEdge=139.0.3405.86)
For documentation on this error, please visit: https://www.selenium.dev/documentation/webdriver/troubleshooting/errors#no-such-element-exception
Build info: version: &apos;4.21.0&apos;, revision: &apos;79ed462ef4&apos;
System info: os.name: &apos;Windows 10&apos;, os.arch: &apos;amd64&apos;, os.version: &apos;10.0&apos;, java.version: &apos;18.0.1.1&apos;
Driver info: org.openqa.selenium.edge.EdgeDriver
Command: [76bcec75b254f0124bbab42d3dfc7c85, findElement {using=xpath, value=//p[text()=&apos;Your Shopping Bag is empty&apos;]}]
Capabilities {acceptInsecureCerts: false, browserName: MicrosoftEdge, browserVersion: 139.0.3405.86, fedcm:accounts: true, ms:edgeOptions: {debuggerAddress: localhost:59291}, msedge: {msedgedriverVersion: 138.0.3351.83 (16e2a7bef320..., userDataDir: C:\Users\SHUBHA~1\AppData\L...}, networkConnectionEnabled: false, pageLoadStrategy: normal, platformName: windows, proxy: Proxy(), se:cdp: ws://localhost:59291/devtoo..., se:cdpVersion: 139.0.3405.86, setWindowRect: true, strictFileInteractability: false, timeouts: {implicit: 0, pageLoad: 300000, script: 30000}, unhandledPromptBehavior: dismiss and notify, webauthn:extension:credBlob: true, webauthn:extension:largeBlob: true, webauthn:extension:minPinLength: true, webauthn:extension:prf: true, webauthn:virtualAuthenticators: true}
Session ID: 76bcec75b254f0124bbab42d3dfc7c85
	at java.base/jdk.internal.reflect.DirectConstructorHandleAccessor.newInstance(DirectConstructorHandleAccessor.java:67)
	at java.base/java.lang.reflect.Constructor.newInstanceWithCaller(Constructor.java:499)
	at java.base/java.lang.reflect.Constructor.newInstance(Constructor.java:483)
	at org.openqa.selenium.remote.ErrorCodec.decode(ErrorCodec.java:167)
	at org.openqa.selenium.remote.codec.w3c.W3CHttpResponseCodec.decode(W3CHttpResponseCodec.java:138)
	at org.openqa.selenium.remote.codec.w3c.W3CHttpResponseCodec.decode(W3CHttpResponseCodec.java:50)
	at org.openqa.selenium.remote.HttpCommandExecutor.execute(HttpCommandExecutor.java:190)
	at org.openqa.selenium.remote.service.DriverCommandExecutor.invokeExecute(DriverCommandExecutor.java:216)
	at org.openqa.selenium.remote.service.DriverCommandExecutor.execute(DriverCommandExecutor.java:174)
	at org.openqa.selenium.remote.RemoteWebDriver.execute(RemoteWebDriver.java:518)
	at org.openqa.selenium.remote.ElementLocation$ElementFinder$2.findElement(ElementLocation.java:165)
	at org.openqa.selenium.remote.ElementLocation.findElement(ElementLocation.java:59)
	at org.openqa.selenium.remote.RemoteWebDriver.findElement(RemoteWebDriver.java:355)
	at org.openqa.selenium.remote.RemoteWebDriver.findElement(RemoteWebDriver.java:349)
	at org.openqa.selenium.support.pagefactory.DefaultElementLocator.findElement(DefaultElementLocator.java:68)
	at org.openqa.selenium.support.pagefactory.internal.LocatingElementHandler.invoke(LocatingElementHandler.java:38)
	at jdk.proxy2/jdk.proxy2.$Proxy28.isDisplayed(Unknown Source)
	at org.openqa.selenium.support.ui.ExpectedConditions.elementIfVisible(ExpectedConditions.java:304)
	at org.openqa.selenium.support.ui.ExpectedConditions$10.apply(ExpectedConditions.java:290)
	at org.openqa.selenium.support.ui.ExpectedConditions$10.apply(ExpectedConditions.java:287)
	at org.openqa.selenium.support.ui.FluentWait.until(FluentWait.java:203)
	... 4 more
</pre></div><a href='#' onClick='toggleBox("stack-trace803149788", this, "Click to show all stack frames", "Click to hide stack frames")'>Click to show all stack frames</a>
<div class='stack-trace' id='stack-trace803149788'><pre>org.openqa.selenium.TimeoutException: Expected condition failed: waiting for visibility of Proxy element for: DefaultElementLocator &apos;By.xpath: //p[text()=&apos;Your Shopping Bag is empty&apos;]&apos; (tried for 10 second(s) with 500 milliseconds interval)
	at org.openqa.selenium.support.ui.WebDriverWait.timeoutException(WebDriverWait.java:84)
	at org.openqa.selenium.support.ui.FluentWait.until(FluentWait.java:228)
	at com.Nykaa.AbstractPageObject.Abstract.WaitToAppear(Abstract.java:28)
	at com.Nykaa.PageObjects.HomePage.getEmptyCartMessage(HomePage.java:62)
	at com.Nykaa.stepDefinitions.StepDefinitions.user_should_see_text_displayed(StepDefinitions.java:39)
	at ✽.User should see &quot;Your Shopping Bag is empty&quot; text displayed(file:///D:/All%20Desktop%20folders/Selenium%20Revision/Shubham%20Selenium%20Codes/Nykaa/src/test/java/com/Nykaa/features/Cart.feature:6)
Caused by: org.openqa.selenium.NoSuchElementException: no such element: Unable to locate element: {&quot;method&quot;:&quot;xpath&quot;,&quot;selector&quot;:&quot;//p[text()=&apos;Your Shopping Bag is empty&apos;]&quot;}
  (Session info: MicrosoftEdge=139.0.3405.86)
For documentation on this error, please visit: https://www.selenium.dev/documentation/webdriver/troubleshooting/errors#no-such-element-exception
Build info: version: &apos;4.21.0&apos;, revision: &apos;79ed462ef4&apos;
System info: os.name: &apos;Windows 10&apos;, os.arch: &apos;amd64&apos;, os.version: &apos;10.0&apos;, java.version: &apos;18.0.1.1&apos;
Driver info: org.openqa.selenium.edge.EdgeDriver
Command: [76bcec75b254f0124bbab42d3dfc7c85, findElement {using=xpath, value=//p[text()=&apos;Your Shopping Bag is empty&apos;]}]
Capabilities {acceptInsecureCerts: false, browserName: MicrosoftEdge, browserVersion: 139.0.3405.86, fedcm:accounts: true, ms:edgeOptions: {debuggerAddress: localhost:59291}, msedge: {msedgedriverVersion: 138.0.3351.83 (16e2a7bef320..., userDataDir: C:\Users\SHUBHA~1\AppData\L...}, networkConnectionEnabled: false, pageLoadStrategy: normal, platformName: windows, proxy: Proxy(), se:cdp: ws://localhost:59291/devtoo..., se:cdpVersion: 139.0.3405.86, setWindowRect: true, strictFileInteractability: false, timeouts: {implicit: 0, pageLoad: 300000, script: 30000}, unhandledPromptBehavior: dismiss and notify, webauthn:extension:credBlob: true, webauthn:extension:largeBlob: true, webauthn:extension:minPinLength: true, webauthn:extension:prf: true, webauthn:virtualAuthenticators: true}
Session ID: 76bcec75b254f0124bbab42d3dfc7c85
	at java.base/jdk.internal.reflect.DirectConstructorHandleAccessor.newInstance(DirectConstructorHandleAccessor.java:67)
	at java.base/java.lang.reflect.Constructor.newInstanceWithCaller(Constructor.java:499)
	at java.base/java.lang.reflect.Constructor.newInstance(Constructor.java:483)
	at org.openqa.selenium.remote.ErrorCodec.decode(ErrorCodec.java:167)
	at org.openqa.selenium.remote.codec.w3c.W3CHttpResponseCodec.decode(W3CHttpResponseCodec.java:138)
	at org.openqa.selenium.remote.codec.w3c.W3CHttpResponseCodec.decode(W3CHttpResponseCodec.java:50)
	at org.openqa.selenium.remote.HttpCommandExecutor.execute(HttpCommandExecutor.java:190)
	at org.openqa.selenium.remote.service.DriverCommandExecutor.invokeExecute(DriverCommandExecutor.java:216)
	at org.openqa.selenium.remote.service.DriverCommandExecutor.execute(DriverCommandExecutor.java:174)
	at org.openqa.selenium.remote.RemoteWebDriver.execute(RemoteWebDriver.java:518)
	at org.openqa.selenium.remote.ElementLocation$ElementFinder$2.findElement(ElementLocation.java:165)
	at org.openqa.selenium.remote.ElementLocation.findElement(ElementLocation.java:59)
	at org.openqa.selenium.remote.RemoteWebDriver.findElement(RemoteWebDriver.java:355)
	at org.openqa.selenium.remote.RemoteWebDriver.findElement(RemoteWebDriver.java:349)
	at org.openqa.selenium.support.pagefactory.DefaultElementLocator.findElement(DefaultElementLocator.java:68)
	at org.openqa.selenium.support.pagefactory.internal.LocatingElementHandler.invoke(LocatingElementHandler.java:38)
	at jdk.proxy2/jdk.proxy2.$Proxy28.isDisplayed(Unknown Source)
	at org.openqa.selenium.support.ui.ExpectedConditions.elementIfVisible(ExpectedConditions.java:304)
	at org.openqa.selenium.support.ui.ExpectedConditions$10.apply(ExpectedConditions.java:290)
	at org.openqa.selenium.support.ui.ExpectedConditions$10.apply(ExpectedConditions.java:287)
	at org.openqa.selenium.support.ui.FluentWait.until(FluentWait.java:203)
	... 4 more
</pre></div></td>
<td>28</td>
<td>com.Nykaa.cucumberTestNGRunner.GiftCardRunner@7c6908d7</td></tr>
</table><p>
<table width='100%' border='1' class='invocation-passed'>
<tr><td colspan='4' align='center'><b>PASSED TESTS</b></td></tr>
<tr><td><b>Test method</b></td>
<td><b>Attribute(s)</b></td>
<td width="30%"><b>Exception</b></td>
<td width="10%"><b>Time (seconds)</b></td>
<td><b>Instance</b></td>
</tr>
<tr>
<td title='com.Nykaa.cucumberTestNGRunner.GiftCardRunner.runScenario()'><b>runScenario</b><br>Test class: com.Nykaa.cucumberTestNGRunner.GiftCardRunner<br>Test method: Runs Cucumber Scenarios<br>Parameters: "Verify user can filter the product by "Customer Top Rated"", "Popular Dot & Key Product Details"</td>
<td></td>
<td>5</td>
<td>com.Nykaa.cucumberTestNGRunner.GiftCardRunner@7c6908d7</td></tr>
<tr>
<td title='com.Nykaa.cucumberTestNGRunner.GiftCardRunner.runScenario()'><b>runScenario</b><br>Test class: com.Nykaa.cucumberTestNGRunner.GiftCardRunner<br>Test method: Runs Cucumber Scenarios<br>Parameters: "Verify user is able to send gift card with valid details", "Verify user is able to send gift"</td>
<td></td>
<td>14</td>
<td>com.Nykaa.cucumberTestNGRunner.GiftCardRunner@7c6908d7</td></tr>
<tr>
<td title='com.Nykaa.cucumberTestNGRunner.GiftCardRunner.runScenario()'><b>runScenario</b><br>Test class: com.Nykaa.cucumberTestNGRunner.GiftCardRunner<br>Test method: Runs Cucumber Scenarios<br>Parameters: "Verify user can check product deliverable by entering valid PIN code", "Verify the product deliverable functionality based on PIN code"</td>
<td></td>
<td>6</td>
<td>com.Nykaa.cucumberTestNGRunner.GiftCardRunner@7c6908d7</td></tr>
<tr>
<td title='com.Nykaa.cucumberTestNGRunner.GiftCardRunner.runScenario()'><b>runScenario</b><br>Test class: com.Nykaa.cucumberTestNGRunner.GiftCardRunner<br>Test method: Runs Cucumber Scenarios<br>Parameters: "Verify that text message is framed and displayed correctly", "Verify user is able to send gift"</td>
<td></td>
<td>5</td>
<td>com.Nykaa.cucumberTestNGRunner.GiftCardRunner@7c6908d7</td></tr>
<tr>
<td title='com.Nykaa.cucumberTestNGRunner.GiftCardRunner.runScenario()'><b>runScenario</b><br>Test class: com.Nykaa.cucumberTestNGRunner.GiftCardRunner<br>Test method: Runs Cucumber Scenarios<br>Parameters: "Verify that 'PROCEED TO PAY' button is disabled when no details are entered", "Verify user is able to send gift"</td>
<td></td>
<td>8</td>
<td>com.Nykaa.cucumberTestNGRunner.GiftCardRunner@7c6908d7</td></tr>
<tr>
<td title='com.Nykaa.cucumberTestNGRunner.GiftCardRunner.runScenario()'><b>runScenario</b><br>Test class: com.Nykaa.cucumberTestNGRunner.GiftCardRunner<br>Test method: Runs Cucumber Scenarios<br>Parameters: "Verify user can check product deliverable by entering invalid PIN code", "Verify the product deliverable functionality based on PIN code"</td>
<td></td>
<td>12</td>
<td>com.Nykaa.cucumberTestNGRunner.GiftCardRunner@7c6908d7</td></tr>
</table><p>
</body>
</html>